#
# There is insufficient memory for the Java Runtime Environment to continue.
# Native memory allocation (mmap) failed to map 130023424 bytes for G1 virtual space
# Possible reasons:
#   The system is out of physical RAM or swap space
#   The process is running with CompressedOops enabled, and the Java Heap may be blocking the growth of the native heap
# Possible solutions:
#   Reduce memory load on the system
#   Increase physical memory or swap space
#   Check if swap backing store is full
#   Decrease Java heap size (-Xmx/-Xms)
#   Decrease number of Java threads
#   Decrease Java thread stack sizes (-Xss)
#   Set larger code cache with -XX:ReservedCodeCacheSize=
#   JVM is running with Unscaled Compressed Oops mode in which the Java heap is
#     placed in the first 4GB address space. The Java Heap base address is the
#     maximum limit for the native heap growth. Please use -XX:HeapBaseMinAddress
#     to set the Java Heap base and to place the Java Heap above 4GB virtual address.
# This output file may be truncated or incomplete.
#
#  Out of Memory Error (os_windows.cpp:3469), pid=17684, tid=17144
#
# JRE version:  (17.0.1+12) (build )
# Java VM: Java HotSpot(TM) 64-Bit Server VM (17.0.1+12-LTS-39, mixed mode, sharing, tiered, compressed oops, compressed class ptrs, g1 gc, windows-amd64)
# No core dump will be written. Minidumps are not enabled by default on client versions of Windows
#

---------------  S U M M A R Y ------------

Command Line: -Dfile.encoding=UTF-8 -XX:+ShowCodeDetailsInExceptionMessages EmployeeApp

Host: 11th Gen Intel(R) Core(TM) i5-1135G7 @ 2.40GHz, 8 cores, 7G,  Windows 10 , 64 bit Build 19041 (10.0.19041.1503)
Time: Mon Mar 28 23:41:29 2022  Windows 10 , 64 bit Build 19041 (10.0.19041.1503) elapsed time: 0.021685 seconds (0d 0h 0m 0s)

---------------  T H R E A D  ---------------

Current thread (0x0000021cf0b6ea80):  JavaThread "Unknown thread" [_thread_in_vm, id=17144, stack(0x0000002ce3e00000,0x0000002ce3f00000)]

Stack: [0x0000002ce3e00000,0x0000002ce3f00000]
Native frames: (J=compiled Java code, j=interpreted, Vv=VM code, C=native code)
V  [jvm.dll+0x66fa1a]
V  [jvm.dll+0x7ce5a4]
V  [jvm.dll+0x7cfd4e]
V  [jvm.dll+0x7d03b3]
V  [jvm.dll+0x242b05]
V  [jvm.dll+0x66ca39]
V  [jvm.dll+0x661502]
V  [jvm.dll+0x30081b]
V  [jvm.dll+0x307da6]
V  [jvm.dll+0x357a1e]
V  [jvm.dll+0x357c4f]
V  [jvm.dll+0x2d7ad8]
V  [jvm.dll+0x2d8a44]
V  [jvm.dll+0x7a01e1]
V  [jvm.dll+0x365791]
V  [jvm.dll+0x77f6cc]
V  [jvm.dll+0x3e812f]
V  [jvm.dll+0x3e9bd1]
C  [jli.dll+0x527b]
C  [ucrtbase.dll+0x21bb2]
C  [KERNEL32.DLL+0x17034]
C  [ntdll.dll+0x52651]


---------------  P R O C E S S  ---------------

Threads class SMR info:
_java_thread_list=0x00007ff8d1e07818, length=0, elements={
}

Java Threads: ( => current thread )

Other Threads:
  0x0000021cf0ba9e40 GCTaskThread "GC Thread#0" [stack: 0x0000002ce3f00000,0x0000002ce4000000] [id=14972]
  0x0000021cf0bbca50 ConcurrentGCThread "G1 Main Marker" [stack: 0x0000002ce4000000,0x0000002ce4100000] [id=13472]
  0x0000021cf0bbd370 ConcurrentGCThread "G1 Conc#0" [stack: 0x0000002ce4100000,0x0000002ce4200000] [id=18036]

[error occurred during error reporting (printing all threads), id 0xc0000005, EXCEPTION_ACCESS_VIOLATION (0xc0000005) at pc=0x00007ff8d16584b7]

VM state: not at safepoint (not fully initialized)

VM Mutex/Monitor currently owned by a thread:  ([mutex/lock_event])
[0x0000021cf0b6aaa0] Heap_lock - owner thread: 0x0000021cf0b6ea80

Heap address: 0x0000000085000000, size: 1968 MB, Compressed Oops mode: 32-bit

CDS archive(s) mapped at: [0x0000000000000000-0x0000000000000000-0x0000000000000000), size 0, SharedBaseAddress: 0x0000000800000000, ArchiveRelocationMode: 0.
Narrow klass base: 0x0000000000000000, Narrow klass shift: 0, Narrow klass range: 0x0

GC Precious Log:
<Empty>

Heap:
 garbage-first heap   total 0K, used 0K [0x0000000085000000, 0x0000000100000000)
  region size 1024K, 0 young (0K), 0 survivors (0K)

[error occurred during error reporting (printing heap information), id 0xc0000005, EXCEPTION_ACCESS_VIOLATION (0xc0000005) at pc=0x00007ff8d1a38d89]

GC Heap History (0 events):
No events

Deoptimization events (0 events):
No events

Classes unloaded (0 events):
No events

Classes redefined (0 events):
No events

Internal exceptions (0 events):
No events

VM Operations (0 events):
No events

Events (1 events):
Event: 0.010 Loaded shared library C:\Program Files\Java\jdk-17.0.1\bin\java.dll


Dynamic libraries:
0x00007ff7e6120000 - 0x00007ff7e6130000 	C:\Program Files\Java\jdk-17.0.1\bin\javaw.exe
0x00007ff935150000 - 0x00007ff935345000 	C:\windows\SYSTEM32\ntdll.dll
0x00007ff934360000 - 0x00007ff93441e000 	C:\windows\System32\KERNEL32.DLL
0x00007ff932d80000 - 0x00007ff933048000 	C:\windows\System32\KERNELBASE.dll
0x00007ff933050000 - 0x00007ff933150000 	C:\windows\System32\ucrtbase.dll
0x00007ff924b10000 - 0x00007ff924b28000 	C:\Program Files\Java\jdk-17.0.1\bin\jli.dll
0x00007ff92c210000 - 0x00007ff92c22a000 	C:\Program Files\Java\jdk-17.0.1\bin\VCRUNTIME140.dll
0x00007ff933cc0000 - 0x00007ff933d6e000 	C:\windows\System32\ADVAPI32.dll
0x00007ff934770000 - 0x00007ff93480e000 	C:\windows\System32\msvcrt.dll
0x00007ff933fe0000 - 0x00007ff93407c000 	C:\windows\System32\sechost.dll
0x00007ff933eb0000 - 0x00007ff933fd5000 	C:\windows\System32\RPCRT4.dll
0x00007ff933b20000 - 0x00007ff933cc0000 	C:\windows\System32\USER32.dll
0x00007ff932a50000 - 0x00007ff932a72000 	C:\windows\System32\win32u.dll
0x00007ff925070000 - 0x00007ff92530a000 	C:\windows\WinSxS\amd64_microsoft.windows.common-controls_6595b64144ccf1df_6.0.19041.1110_none_60b5254171f9507e\COMCTL32.dll
0x00007ff934970000 - 0x00007ff93499b000 	C:\windows\System32\GDI32.dll
0x00007ff932c70000 - 0x00007ff932d7d000 	C:\windows\System32\gdi32full.dll
0x00007ff932af0000 - 0x00007ff932b8d000 	C:\windows\System32\msvcp_win.dll
0x00007ff929d80000 - 0x00007ff929d8a000 	C:\windows\SYSTEM32\VERSION.dll
0x00007ff933e80000 - 0x00007ff933eb0000 	C:\windows\System32\IMM32.DLL
0x00007ff924b00000 - 0x00007ff924b0c000 	C:\Program Files\Java\jdk-17.0.1\bin\vcruntime140_1.dll
0x00007ff90ae00000 - 0x00007ff90ae8d000 	C:\Program Files\Java\jdk-17.0.1\bin\msvcp140.dll
0x00007ff8d1370000 - 0x00007ff8d1f2e000 	C:\Program Files\Java\jdk-17.0.1\bin\server\jvm.dll
0x00007ff934480000 - 0x00007ff934488000 	C:\windows\System32\PSAPI.DLL
0x00007ff91e250000 - 0x00007ff91e277000 	C:\windows\SYSTEM32\WINMM.dll
0x00007ff92f1a0000 - 0x00007ff92f1a9000 	C:\windows\SYSTEM32\WSOCK32.dll
0x00007ff934490000 - 0x00007ff9344fb000 	C:\windows\System32\WS2_32.dll
0x00007ff9310a0000 - 0x00007ff9310b2000 	C:\windows\SYSTEM32\kernel.appcore.dll
0x00007ff92e1c0000 - 0x00007ff92e1ca000 	C:\Program Files\Java\jdk-17.0.1\bin\jimage.dll
0x00007ff930e50000 - 0x00007ff931034000 	C:\windows\SYSTEM32\DBGHELP.DLL
0x00007ff91e280000 - 0x00007ff91e2ac000 	C:\windows\SYSTEM32\dbgcore.DLL
0x00007ff9329c0000 - 0x00007ff932a42000 	C:\windows\System32\bcryptPrimitives.dll
0x00007ff90b480000 - 0x00007ff90b4a5000 	C:\Program Files\Java\jdk-17.0.1\bin\java.dll

dbghelp: loaded successfully - version: 4.0.5 - missing functions: none
symbol engine: initialized successfully - sym options: 0x614 - pdb path: .;C:\Program Files\Java\jdk-17.0.1\bin;C:\windows\SYSTEM32;C:\windows\WinSxS\amd64_microsoft.windows.common-controls_6595b64144ccf1df_6.0.19041.1110_none_60b5254171f9507e;C:\Program Files\Java\jdk-17.0.1\bin\server

VM Arguments:
jvm_args: -Dfile.encoding=UTF-8 -XX:+ShowCodeDetailsInExceptionMessages 
java_command: EmployeeApp
java_class_path (initial): C:\JavaStudy\HW02\bin
Launcher Type: SUN_STANDARD

[Global flags]
     intx CICompilerCount                          = 4                                         {product} {ergonomic}
     uint ConcGCThreads                            = 2                                         {product} {ergonomic}
     uint G1ConcRefinementThreads                  = 8                                         {product} {ergonomic}
   size_t G1HeapRegionSize                         = 1048576                                   {product} {ergonomic}
    uintx GCDrainStackTargetSize                   = 64                                        {product} {ergonomic}
   size_t InitialHeapSize                          = 130023424                                 {product} {ergonomic}
   size_t MarkStackSize                            = 4194304                                   {product} {ergonomic}
   size_t MaxHeapSize                              = 2063597568                                {product} {ergonomic}
   size_t MinHeapDeltaBytes                        = 1048576                                   {product} {ergonomic}
   size_t MinHeapSize                              = 8388608                                   {product} {ergonomic}
    uintx NonNMethodCodeHeapSize                   = 5839372                                {pd product} {ergonomic}
    uintx NonProfiledCodeHeapSize                  = 122909434                              {pd product} {ergonomic}
    uintx ProfiledCodeHeapSize                     = 122909434                              {pd product} {ergonomic}
    uintx ReservedCodeCacheSize                    = 251658240                              {pd product} {ergonomic}
     bool SegmentedCodeCache                       = true                                      {product} {ergonomic}
     bool ShowCodeDetailsInExceptionMessages       = true                                   {manageable} {command line}
   size_t SoftMaxHeapSize                          = 2063597568                             {manageable} {ergonomic}
     bool UseCompressedClassPointers               = true                           {product lp64_product} {ergonomic}
     bool UseCompressedOops                        = true                           {product lp64_product} {ergonomic}
     bool UseG1GC                                  = true                                      {product} {ergonomic}
     bool UseLargePagesIndividualAllocation        = false                                  {pd product} {ergonomic}

Logging:
Log output configuration:
 #0: stdout all=warning uptime,level,tags
 #1: stderr all=off uptime,level,tags

Environment Variables:
PATH=C:/Program Files/Java/jdk-17.0.1/bin/server;C:/Program Files/Java/jdk-17.0.1/bin;C:\Program Files\Java\jdk-17.0.1\bin;C:\Program Files\Common Files\Oracle\Java\javapath;C:\Program Files (x86)\Common Files\Oracle\Java\javapath;C:\windows\system32;C:\windows;C:\windows\System32\Wbem;C:\windows\System32\WindowsPowerShell\v1.0\;C:\windows\System32\OpenSSH\;C:\Program Files\MATLAB\R2021b\bin;C:\Program Files\Git\cmd;C:\opencv\build\x64\vc15\bin;C:\Users\sossc\AppData\Local\Microsoft\WindowsApps;;C:\Users\sossc\AppData\Local\Programs\Microsoft VS Code\bin;C:\Program Files (x86)\ESTsoft\ALSee\x64;C:\Users\sossc\OneDrive\πŸ≈¡ »≠∏È;
USERNAME=sossc
OS=Windows_NT
PROCESSOR_IDENTIFIER=Intel64 Family 6 Model 140 Stepping 1, GenuineIntel



---------------  S Y S T E M  ---------------

OS:
 Windows 10 , 64 bit Build 19041 (10.0.19041.1503)
OS uptime: 2 days 5:48 hours
Hyper-V role detected

CPU: total 8 (initial active 8) (4 cores per cpu, 2 threads per core) family 6 model 140 stepping 1 microcode 0x8a, cx8, cmov, fxsr, ht, mmx, 3dnowpref, sse, sse2, sse3, ssse3, sse4.1, sse4.2, popcnt, lzcnt, tsc, tscinvbit, avx, avx2, aes, erms, clmul, bmi1, bmi2, adx, avx512f, avx512dq, avx512cd, avx512bw, avx512vl, sha, fma, vzeroupper, avx512_vpopcntdq, avx512_vpclmulqdq, avx512_vaes, avx512_vnni, clflush, clflushopt, clwb, avx512_vbmi2, avx512_vbmi, hv

Memory: 4k page, system-wide physical 7865M (2004M free)
TotalPageFile size 9744M (AvailPageFile size 111M)
current process WorkingSet (physical memory assigned to process): 10M, peak: 10M
current process commit charge ("private bytes"): 60M, peak: 184M

vm_info: Java HotSpot(TM) 64-Bit Server VM (17.0.1+12-LTS-39) for windows-amd64 JRE (17.0.1+12-LTS-39), built on Sep 27 2021 18:41:35 by "mach5one" with MS VC++ 16.8 (VS2019)

END.
