#
# There is insufficient memory for the Java Runtime Environment to continue.
# Native memory allocation (mmap) failed to map 2031616 bytes for G1 virtual space
# Possible reasons:
#   The system is out of physical RAM or swap space
#   The process is running with CompressedOops enabled, and the Java Heap may be blocking the growth of the native heap
# Possible solutions:
#   Reduce memory load on the system
#   Increase physical memory or swap space
#   Check if swap backing store is full
#   Decrease Java heap size (-Xmx/-Xms)
#   Decrease number of Java threads
#   Decrease Java thread stack sizes (-Xss)
#   Set larger code cache with -XX:ReservedCodeCacheSize=
#   JVM is running with Unscaled Compressed Oops mode in which the Java heap is
#     placed in the first 4GB address space. The Java Heap base address is the
#     maximum limit for the native heap growth. Please use -XX:HeapBaseMinAddress
#     to set the Java Heap base and to place the Java Heap above 4GB virtual address.
# This output file may be truncated or incomplete.
#
#  Out of Memory Error (os_windows.cpp:3469), pid=12172, tid=8236
#
# JRE version:  (17.0.1+12) (build )
# Java VM: Java HotSpot(TM) 64-Bit Server VM (17.0.1+12-LTS-39, mixed mode, sharing, tiered, compressed oops, compressed class ptrs, g1 gc, windows-amd64)
# No core dump will be written. Minidumps are not enabled by default on client versions of Windows
#

---------------  S U M M A R Y ------------

Command Line: -Dfile.encoding=UTF-8 -XX:+ShowCodeDetailsInExceptionMessages problem2.RollingDiceApp

Host: 11th Gen Intel(R) Core(TM) i5-1135G7 @ 2.40GHz, 8 cores, 7G,  Windows 10 , 64 bit Build 19041 (10.0.19041.1645)
Time: Sun Apr 17 22:57:53 2022  Windows 10 , 64 bit Build 19041 (10.0.19041.1645) elapsed time: 0.015533 seconds (0d 0h 0m 0s)

---------------  T H R E A D  ---------------

Current thread (0x0000018a2c4ebfd0):  JavaThread "Unknown thread" [_thread_in_vm, id=8236, stack(0x0000001d9d900000,0x0000001d9da00000)]

Stack: [0x0000001d9d900000,0x0000001d9da00000]
Native frames: (J=compiled Java code, j=interpreted, Vv=VM code, C=native code)
V  [jvm.dll+0x66fa1a]
V  [jvm.dll+0x7ce5a4]
V  [jvm.dll+0x7cfd4e]
V  [jvm.dll+0x7d03b3]
V  [jvm.dll+0x242b05]
V  [jvm.dll+0x66ca39]
V  [jvm.dll+0x661502]
V  [jvm.dll+0x30081b]
V  [jvm.dll+0x307da6]
V  [jvm.dll+0x357a48]
V  [jvm.dll+0x357c4f]
V  [jvm.dll+0x2d7ad8]
V  [jvm.dll+0x2d8a44]
V  [jvm.dll+0x7a01e1]
V  [jvm.dll+0x365791]
V  [jvm.dll+0x77f6cc]
V  [jvm.dll+0x3e812f]
V  [jvm.dll+0x3e9bd1]
C  [jli.dll+0x527b]
C  [ucrtbase.dll+0x21bb2]
C  [KERNEL32.DLL+0x17034]
C  [ntdll.dll+0x52651]


---------------  P R O C E S S  ---------------

Threads class SMR info:
_java_thread_list=0x00007ffc451d7818, length=0, elements={
}

Java Threads: ( => current thread )

Other Threads:
  0x0000018a2c52a630 GCTaskThread "GC Thread#0" [stack: 0x0000001d9da00000,0x0000001d9db00000] [id=10220]
  0x0000018a2c53c320 ConcurrentGCThread "G1 Main Marker" [stack: 0x0000001d9db00000,0x0000001d9dc00000] [id=9220]
  0x0000018a2c53cd30 ConcurrentGCThread "G1 Conc#0" [stack: 0x0000001d9dc00000,0x0000001d9dd00000] [id=10876]

[error occurred during error reporting (printing all threads), id 0xc0000005, EXCEPTION_ACCESS_VIOLATION (0xc0000005) at pc=0x00007ffc44a284b7]

VM state: not at safepoint (not fully initialized)

VM Mutex/Monitor currently owned by a thread:  ([mutex/lock_event])
[0x0000018a2c4e7d20] Heap_lock - owner thread: 0x0000018a2c4ebfd0

Heap address: 0x0000000085000000, size: 1968 MB, Compressed Oops mode: 32-bit

CDS archive(s) mapped at: [0x0000000000000000-0x0000000000000000-0x0000000000000000), size 0, SharedBaseAddress: 0x0000000800000000, ArchiveRelocationMode: 0.
Narrow klass base: 0x0000000000000000, Narrow klass shift: 0, Narrow klass range: 0x0

GC Precious Log:
<Empty>

Heap:
 garbage-first heap   total 0K, used 0K [0x0000000085000000, 0x0000000100000000)
  region size 1024K, 0 young (0K), 0 survivors (0K)

[error occurred during error reporting (printing heap information), id 0xc0000005, EXCEPTION_ACCESS_VIOLATION (0xc0000005) at pc=0x00007ffc44e08d89]

GC Heap History (0 events):
No events

Deoptimization events (0 events):
No events

Classes unloaded (0 events):
No events

Classes redefined (0 events):
No events

Internal exceptions (0 events):
No events

VM Operations (0 events):
No events

Events (1 events):
Event: 0.010 Loaded shared library C:\Program Files\Java\jdk-17.0.1\bin\java.dll


Dynamic libraries:
0x00007ff6d87b0000 - 0x00007ff6d87c0000 	C:\Program Files\Java\jdk-17.0.1\bin\javaw.exe
0x00007ffcc2390000 - 0x00007ffcc2585000 	C:\windows\SYSTEM32\ntdll.dll
0x00007ffcc1360000 - 0x00007ffcc141e000 	C:\windows\System32\KERNEL32.DLL
0x00007ffcbfe60000 - 0x00007ffcc0128000 	C:\windows\System32\KERNELBASE.dll
0x00007ffcc01b0000 - 0x00007ffcc02b0000 	C:\windows\System32\ucrtbase.dll
0x00007ffcad2e0000 - 0x00007ffcad2f8000 	C:\Program Files\Java\jdk-17.0.1\bin\jli.dll
0x00007ffcb11c0000 - 0x00007ffcb11da000 	C:\Program Files\Java\jdk-17.0.1\bin\VCRUNTIME140.dll
0x00007ffcc2110000 - 0x00007ffcc21be000 	C:\windows\System32\ADVAPI32.dll
0x00007ffcc0670000 - 0x00007ffcc070e000 	C:\windows\System32\msvcrt.dll
0x00007ffcc1880000 - 0x00007ffcc191c000 	C:\windows\System32\sechost.dll
0x00007ffcc0540000 - 0x00007ffcc0665000 	C:\windows\System32\RPCRT4.dll
0x00007ffcc0710000 - 0x00007ffcc08b0000 	C:\windows\System32\USER32.dll
0x00007ffcc0130000 - 0x00007ffcc0152000 	C:\windows\System32\win32u.dll
0x00007ffcc1fd0000 - 0x00007ffcc1ffa000 	C:\windows\System32\GDI32.dll
0x00007ffcbfd50000 - 0x00007ffcbfe5b000 	C:\windows\System32\gdi32full.dll
0x00007ffcc02b0000 - 0x00007ffcc034d000 	C:\windows\System32\msvcp_win.dll
0x00007ffcad9e0000 - 0x00007ffcadc7a000 	C:\windows\WinSxS\amd64_microsoft.windows.common-controls_6595b64144ccf1df_6.0.19041.1110_none_60b5254171f9507e\COMCTL32.dll
0x00007ffcb65f0000 - 0x00007ffcb65fa000 	C:\windows\SYSTEM32\VERSION.dll
0x00007ffcc1710000 - 0x00007ffcc1740000 	C:\windows\System32\IMM32.DLL
0x00007ffcba2b0000 - 0x00007ffcba2bc000 	C:\Program Files\Java\jdk-17.0.1\bin\vcruntime140_1.dll
0x00007ffc96440000 - 0x00007ffc964cd000 	C:\Program Files\Java\jdk-17.0.1\bin\msvcp140.dll
0x00007ffc44740000 - 0x00007ffc452fe000 	C:\Program Files\Java\jdk-17.0.1\bin\server\jvm.dll
0x00007ffcc1630000 - 0x00007ffcc1638000 	C:\windows\System32\PSAPI.DLL
0x00007ffc9b740000 - 0x00007ffc9b749000 	C:\windows\SYSTEM32\WSOCK32.dll
0x00007ffcc1640000 - 0x00007ffcc16ab000 	C:\windows\System32\WS2_32.dll
0x00007ffc9f9f0000 - 0x00007ffc9fa17000 	C:\windows\SYSTEM32\WINMM.dll
0x00007ffcbe320000 - 0x00007ffcbe332000 	C:\windows\SYSTEM32\kernel.appcore.dll
0x00007ffc9b4c0000 - 0x00007ffc9b4ca000 	C:\Program Files\Java\jdk-17.0.1\bin\jimage.dll
0x00007ffcbd7b0000 - 0x00007ffcbd994000 	C:\windows\SYSTEM32\DBGHELP.DLL
0x00007ffc9f6b0000 - 0x00007ffc9f6dc000 	C:\windows\SYSTEM32\dbgcore.DLL
0x00007ffcbfab0000 - 0x00007ffcbfb32000 	C:\windows\System32\bcryptPrimitives.dll
0x00007ffc98bf0000 - 0x00007ffc98c15000 	C:\Program Files\Java\jdk-17.0.1\bin\java.dll

dbghelp: loaded successfully - version: 4.0.5 - missing functions: none
symbol engine: initialized successfully - sym options: 0x614 - pdb path: .;C:\Program Files\Java\jdk-17.0.1\bin;C:\windows\SYSTEM32;C:\windows\WinSxS\amd64_microsoft.windows.common-controls_6595b64144ccf1df_6.0.19041.1110_none_60b5254171f9507e;C:\Program Files\Java\jdk-17.0.1\bin\server

VM Arguments:
jvm_args: -Dfile.encoding=UTF-8 -XX:+ShowCodeDetailsInExceptionMessages 
java_command: problem2.RollingDiceApp
java_class_path (initial): C:\JavaStudy\2021_mid\bin
Launcher Type: SUN_STANDARD

[Global flags]
     intx CICompilerCount                          = 4                                         {product} {ergonomic}
     uint ConcGCThreads                            = 2                                         {product} {ergonomic}
     uint G1ConcRefinementThreads                  = 8                                         {product} {ergonomic}
   size_t G1HeapRegionSize                         = 1048576                                   {product} {ergonomic}
    uintx GCDrainStackTargetSize                   = 64                                        {product} {ergonomic}
   size_t InitialHeapSize                          = 130023424                                 {product} {ergonomic}
   size_t MarkStackSize                            = 4194304                                   {product} {ergonomic}
   size_t MaxHeapSize                              = 2063597568                                {product} {ergonomic}
   size_t MinHeapDeltaBytes                        = 1048576                                   {product} {ergonomic}
   size_t MinHeapSize                              = 8388608                                   {product} {ergonomic}
    uintx NonNMethodCodeHeapSize                   = 5839372                                {pd product} {ergonomic}
    uintx NonProfiledCodeHeapSize                  = 122909434                              {pd product} {ergonomic}
    uintx ProfiledCodeHeapSize                     = 122909434                              {pd product} {ergonomic}
    uintx ReservedCodeCacheSize                    = 251658240                              {pd product} {ergonomic}
     bool SegmentedCodeCache                       = true                                      {product} {ergonomic}
     bool ShowCodeDetailsInExceptionMessages       = true                                   {manageable} {command line}
   size_t SoftMaxHeapSize                          = 2063597568                             {manageable} {ergonomic}
     bool UseCompressedClassPointers               = true                           {product lp64_product} {ergonomic}
     bool UseCompressedOops                        = true                           {product lp64_product} {ergonomic}
     bool UseG1GC                                  = true                                      {product} {ergonomic}
     bool UseLargePagesIndividualAllocation        = false                                  {pd product} {ergonomic}

Logging:
Log output configuration:
 #0: stdout all=warning uptime,level,tags
 #1: stderr all=off uptime,level,tags

Environment Variables:
PATH=C:/Program Files/Java/jdk-17.0.1/bin/server;C:/Program Files/Java/jdk-17.0.1/bin;C:\Program Files\Java\jdk-17.0.1\bin;C:\Program Files\Common Files\Oracle\Java\javapath;C:\Program Files (x86)\Common Files\Oracle\Java\javapath;C:\windows\system32;C:\windows;C:\windows\System32\Wbem;C:\windows\System32\WindowsPowerShell\v1.0\;C:\windows\System32\OpenSSH\;C:\Program Files\MATLAB\R2021b\bin;C:\Program Files\Git\cmd;C:\opencv\build\x64\vc15\bin;C:\Users\sossc\AppData\Local\Microsoft\WindowsApps;;C:\Users\sossc\AppData\Local\Programs\Microsoft VS Code\bin;C:\Users\sossc\OneDrive\πŸ≈¡ »≠∏È;
USERNAME=sossc
OS=Windows_NT
PROCESSOR_IDENTIFIER=Intel64 Family 6 Model 140 Stepping 1, GenuineIntel



---------------  S Y S T E M  ---------------

OS:
 Windows 10 , 64 bit Build 19041 (10.0.19041.1645)
OS uptime: 0 days 21:12 hours
Hyper-V role detected

CPU: total 8 (initial active 8) (4 cores per cpu, 2 threads per core) family 6 model 140 stepping 1 microcode 0x8a, cx8, cmov, fxsr, ht, mmx, 3dnowpref, sse, sse2, sse3, ssse3, sse4.1, sse4.2, popcnt, lzcnt, tsc, tscinvbit, avx, avx2, aes, erms, clmul, bmi1, bmi2, adx, avx512f, avx512dq, avx512cd, avx512bw, avx512vl, sha, fma, vzeroupper, avx512_vpopcntdq, avx512_vpclmulqdq, avx512_vaes, avx512_vnni, clflush, clflushopt, clwb, avx512_vbmi2, avx512_vbmi, hv

Memory: 4k page, system-wide physical 7865M (1596M free)
TotalPageFile size 9744M (AvailPageFile size 5M)
current process WorkingSet (physical memory assigned to process): 10M, peak: 10M
current process commit charge ("private bytes"): 186M, peak: 188M

vm_info: Java HotSpot(TM) 64-Bit Server VM (17.0.1+12-LTS-39) for windows-amd64 JRE (17.0.1+12-LTS-39), built on Sep 27 2021 18:41:35 by "mach5one" with MS VC++ 16.8 (VS2019)

END.
